<?xml version="1.0" encoding="UTF-8"?>
<!-- Generated by org.testng.reporters.JUnitReportReporter -->
<testsuite hostname="ATMECSINDT-080" failures="0" tests="2" name="com.atmecs.konakart.testbase.InvokeBrowser" time="24.490" errors="0" timestamp="07 Oct 2019 07:24:16 GMT" skipped="0">
  <testcase classname="com.atmecs.konakart.testbase.InvokeBrowser" name="setup" time="24.478"/>
  <testcase classname="com.atmecs.konakart.testbase.InvokeBrowser" name="validateUrl" time="0.012"/>
</testsuite> <!-- com.atmecs.konakart.testbase.InvokeBrowser -->
