<?xml version="1.0" encoding="UTF-8"?>
<!-- Generated by org.testng.reporters.JUnitReportReporter -->
<testsuite hostname="ATMECSINLT-043" failures="0" tests="4" name="com.atmecs.konakart.testscripts.ValidateHomePage" time="41.244" errors="0" timestamp="13 Oct 2019 06:37:35 GMT">
  <testcase classname="com.atmecs.konakart.testscripts.ValidateHomePage" name="setup" time="24.000"/>
  <testcase classname="com.atmecs.konakart.testscripts.ValidateHomePage" name="validateDropDown" time="3.443"/>
  <testcase classname="com.atmecs.konakart.testscripts.ValidateHomePage" name="validateTabsHomePage" time="13.705"/>
  <testcase classname="com.atmecs.konakart.testscripts.ValidateHomePage" name="isElementEnabled" time="0.096"/>
</testsuite> <!-- com.atmecs.konakart.testscripts.ValidateHomePage -->
